[01:48:20] [Netty Server IO #15/ERROR]: Exception occurred in netty pipeline
java.net.SocketException: Connection reset
	at sun.nio.ch.SocketChannelImpl.throwConnectionReset(SocketChannelImpl.java:394) ~[?:?]
	at sun.nio.ch.SocketChannelImpl.read(SocketChannelImpl.java:426) ~[?:?]
	at io.netty.buffer.PooledByteBuf.setBytes(PooledByteBuf.java:258) ~[netty-buffer-4.1.77.Final.jar:?]
	at io.netty.buffer.AbstractByteBuf.writeBytes(AbstractByteBuf.java:1132) ~[netty-buffer-4.1.77.Final.jar:?]
	at io.netty.channel.socket.nio.NioSocketChannel.doReadBytes(NioSocketChannel.java:357) ~[netty-transport-4.1.77.Final.jar:?]
	at io.netty.channel.nio.AbstractNioByteChannel$NioByteUnsafe.read(AbstractNioByteChannel.java:151) [netty-transport-4.1.77.Final.jar:?]
	at io.netty.channel.nio.NioEventLoop.processSelectedKey(NioEventLoop.java:722) [netty-transport-4.1.77.Final.jar:?]
	at io.netty.channel.nio.NioEventLoop.processSelectedKeysOptimized(NioEventLoop.java:658) [netty-transport-4.1.77.Final.jar:?]
	at io.netty.channel.nio.NioEventLoop.processSelectedKeys(NioEventLoop.java:584) [netty-transport-4.1.77.Final.jar:?]
	at io.netty.channel.nio.NioEventLoop.run(NioEventLoop.java:496) [netty-transport-4.1.77.Final.jar:?]
	at io.netty.util.concurrent.SingleThreadEventExecutor$4.run(SingleThreadEventExecutor.java:995) [netty-common-4.1.77.Final.jar:?]
	at io.netty.util.internal.ThreadExecutorMap$2.run(ThreadExecutorMap.java:74) [netty-common-4.1.77.Final.jar:?]
	at java.lang.Thread.run(Thread.java:833) [?:?]
[02:39:41] [Server thread/INFO]: Fhraze lost connection: Disconnected
[02:39:41] [Server thread/INFO]: Fhraze left the game
[02:39:41] [Server thread/INFO]: Disconnecting client Fhraze
[02:39:56] [Server thread/INFO]: Stopping the server
[02:39:56] [Server thread/INFO]: Stopping server
[02:39:56] [Server thread/INFO]: Saving players
[02:39:56] [Server thread/INFO]: Saving worlds
[02:39:58] [Server thread/INFO]: Saving chunks for level 'ServerLevel[world]'/minecraft:overworld
[02:39:58] [Server thread/INFO]: Saving chunks for level 'ServerLevel[world]'/paradise_lost:paradise_lost
[02:39:58] [Server thread/INFO]: Saving chunks for level 'ServerLevel[world]'/minecraft:the_end
[02:39:58] [Server thread/INFO]: Saving chunks for level 'ServerLevel[world]'/minecraft:the_nether
[02:39:58] [Server thread/INFO]: ThreadedAnvilChunkStorage (world): All chunks are saved
[02:39:58] [Server thread/INFO]: ThreadedAnvilChunkStorage (paradise_lost): All chunks are saved
[02:39:58] [Server thread/INFO]: ThreadedAnvilChunkStorage (DIM1): All chunks are saved
[02:39:58] [Server thread/INFO]: ThreadedAnvilChunkStorage (DIM-1): All chunks are saved
[02:39:58] [Server thread/INFO]: ThreadedAnvilChunkStorage: All dimensions are saved
