[00:10:55] [main/INFO] ========================================
[00:10:55] [main/INFO] Minecraft: 1.19.2
[00:10:55] [main/INFO] Side: server
[00:10:55] [main/INFO] Development: false
[00:10:55] [main/INFO] Version: 9.1.587
[00:10:55] [main/INFO] Loader:
[00:10:55] [main/INFO] - Fabric: 0.14.18
[00:10:55] [main/INFO] - Fabric API: 0.75.1+1.19.2
[00:10:55] [main/INFO] Dependencies:
[00:10:55] [main/INFO] - Cloth Config: 8.2.88
[00:10:55] [main/INFO] - Architectury: 6.5.69
[00:10:55] [main/INFO] Mixin: 0.8.5
[00:10:55] [main/INFO] OS: Linux 5.10.136-android12-9-00003-g8970630c07cd-ab9368044 (aarch64)
[00:10:55] [main/INFO] Java: 17-internal (N/A)
[00:10:55] [main/INFO] ========================================
[00:10:55] [main/INFO] Mods:
[00:10:55] [main/INFO] - architectury: 6.5.69
[00:10:55] [main/INFO] - betterdeserttemples: 1.19.2-Fabric-2.2.2
[00:10:55] [main/INFO] - betterdungeons: 1.19.2-Fabric-3.2.1
[00:10:55] [main/INFO] - betterfortresses: 1.19.2-Fabric-1.0.5
[00:10:55] [main/INFO] - bettermineshafts: 1.19.2-Fabric-3.2.0
[00:10:55] [main/INFO] - betteroceanmonuments: 1.19.2-Fabric-2.1.0
[00:10:55] [main/INFO] - betterstrongholds: 1.19.2-Fabric-3.2.0
[00:10:55] [main/INFO] - betterwitchhuts: 1.19.2-Fabric-2.1.0
[00:10:55] [main/INFO] - cardinal-components-base: 5.0.1
[00:10:55] [main/INFO] - cardinal-components-entity: 5.0.1
[00:10:55] [main/INFO] - charm: 4.4.4
[00:10:55] [main/INFO] - cloth-basic-math: 0.6.1
[00:10:55] [main/INFO] - cloth-config: 8.2.88
[00:10:55] [main/INFO] - cloth-config: 8.2.88
[00:10:55] [main/INFO] - colytra: 6.0.0+1.19.2
[00:10:55] [main/INFO] - com_electronwill_night-config_core: 3.6.5
[00:10:55] [main/INFO] - com_electronwill_night-config_toml: 3.6.5
[00:10:55] [main/INFO] - com_github_llamalad7_mixinextras: 0.1.1
[00:10:55] [main/INFO] - com_google_code_findbugs_jsr305: 3.0.2
[00:10:55] [main/INFO] - com_moandjiezana_toml_toml4j: 0.7.2
[00:10:55] [main/INFO] - computercraft: 1.101.2
[00:10:55] [main/INFO] - cosmetic-armor: 1.4.0
[00:10:55] [main/INFO] - crawl: 0.11.1
[00:10:55] [main/INFO] - create: 0.5.0.i-961+1.19.2
[00:10:55] [main/INFO] - customportalapi: 0.0.1-beta54-1.19
[00:10:55] [main/INFO] - dripstone_fluid_lib: 2.0.1
[00:10:55] [main/INFO] - error_notifier: 1.0.9
[00:10:55] [main/INFO] - fabric-api: 0.75.1+1.19.2
[00:10:55] [main/INFO] - fabric-api: 0.75.1+1.19.2
[00:10:55] [main/INFO] - fabric-api-base: 0.4.15+8f4e8eb390
[00:10:55] [main/INFO] - fabric-api-lookup-api-v1: 1.6.14+93d8cb8290
[00:10:55] [main/INFO] - fabric-biome-api-v1: 9.1.0+82db024a90
[00:10:55] [main/INFO] - fabric-block-api-v1: 1.0.2+e415d50e90
[00:10:55] [main/INFO] - fabric-command-api-v1: 1.2.16+f71b366f90
[00:10:55] [main/INFO] - fabric-command-api-v2: 2.2.1+413cbbc790
[00:10:55] [main/INFO] - fabric-commands-v0: 0.2.33+df3654b390
[00:10:55] [main/INFO] - fabric-containers-v0: 0.1.41+df3654b390
[00:10:55] [main/INFO] - fabric-content-registries-v0: 3.5.1+7c6cd14d90
[00:10:55] [main/INFO] - fabric-convention-tags-v1: 1.2.2+27265b3490
[00:10:55] [main/INFO] - fabric-crash-report-info-v1: 0.2.8+aeb40ebe90
[00:10:55] [main/INFO] - fabric-data-generation-api-v1: 5.3.7+413cbbc790
[00:10:55] [main/INFO] - fabric-dimensions-v1: 2.1.35+0d0f210290
[00:10:55] [main/INFO] - fabric-entity-events-v1: 1.5.4+9244241690
[00:10:55] [main/INFO] - fabric-events-interaction-v0: 0.4.34+562bff6e90
[00:10:55] [main/INFO] - fabric-events-lifecycle-v0: 0.2.35+df3654b390
[00:10:55] [main/INFO] - fabric-game-rule-api-v1: 1.0.24+b6b6abb490
[00:10:55] [main/INFO] - fabric-item-api-v1: 1.6.5+dce4603e90
[00:10:55] [main/INFO] - fabric-item-groups-v0: 0.3.38+9244241690
[00:10:55] [main/INFO] - fabric-lifecycle-events-v1: 2.2.4+1b46dc7890
[00:10:55] [main/INFO] - fabric-loot-api-v2: 1.1.12+83a8659290
[00:10:55] [main/INFO] - fabric-loot-tables-v1: 1.1.15+9e7660c690
[00:10:55] [main/INFO] - fabric-message-api-v1: 5.0.7+93d8cb8290
[00:10:55] [main/INFO] - fabric-mining-level-api-v1: 2.1.23+33fbc73890
[00:10:55] [main/INFO] - fabric-networking-api-v1: 1.2.11+10eb22f490
[00:10:55] [main/INFO] - fabric-networking-v0: 0.3.28+df3654b390
[00:10:55] [main/INFO] - fabric-object-builder-api-v1: 4.2.1+d8ef690890
[00:10:55] [main/INFO] - fabric-particles-v1: 1.0.14+4d0d570390
[00:10:55] [main/INFO] - fabric-recipe-api-v1: 1.0.1+413cbbc790
[00:10:55] [main/INFO] - fabric-registry-sync-v0: 0.9.32+9244241690
[00:10:55] [main/INFO] - fabric-rendering-data-attachment-v1: 0.3.19+6e0787e690
[00:10:55] [main/INFO] - fabric-rendering-fluids-v1: 3.0.11+4d0d570390
[00:10:55] [main/INFO] - fabric-resource-conditions-api-v1: 2.1.2+aae9039d90
[00:10:55] [main/INFO] - fabric-resource-loader-v0: 0.8.3+251d254a90
[00:10:55] [main/INFO] - fabric-screen-handler-api-v1: 1.3.7+1cc24b1b90
[00:10:55] [main/INFO] - fabric-transfer-api-v1: 2.1.6+413cbbc790
[00:10:55] [main/INFO] - fabric-transitive-access-wideners-v1: 1.3.3+08b73de490
[00:10:55] [main/INFO] - fabricloader: 0.14.18
[00:10:55] [main/INFO] - forge_tags: 3.0
[00:10:55] [main/INFO] - forgeconfigapiport: 4.2.9
[00:10:55] [main/INFO] - golfiv: 0.6.0
[00:10:55] [main/INFO] - gud_recipe_confidence: 1.0.2
[00:10:55] [main/INFO] - incubus_core: 1.9.4
[00:10:55] [main/INFO] - io_netty_netty-codec-http: 4.1.77.Final
[00:10:55] [main/INFO] - java: 17
[00:10:55] [main/INFO] - lithium: 0.11.0
[00:10:55] [main/INFO] - milk: 1.0.51
[00:10:55] [main/INFO] - minecraft: 1.19.2
[00:10:55] [main/INFO] - mm: 2.3
[00:10:55] [main/INFO] - org_javassist_javassist: 3.28.0-GA
[00:10:55] [main/INFO] - org_reflections_reflections: 0.10.2
[00:10:55] [main/INFO] - org_squiddev_cobalt: 0.5.5
[00:10:55] [main/INFO] - packet_tweaker: 0.3.0+1.18.2
[00:10:55] [main/INFO] - paradise_lost: 2.1.0-beta+1.19.2
[00:10:55] [main/INFO] - polymer: 0.2.19+1.19.2
[00:10:55] [main/INFO] - polymer-registry-sync-manipulator: 0.0.3+1.19.2
[00:10:55] [main/INFO] - porting_lib: 2.1.784+1.19.2
[00:10:55] [main/INFO] - porting_lib_accessors: 2.1.784+1.19.2
[00:10:55] [main/INFO] - porting_lib_attributes: 2.1.784+1.19.2
[00:10:55] [main/INFO] - porting_lib_base: 2.1.784+1.19.2
[00:10:55] [main/INFO] - porting_lib_common: 2.1.784+1.19.2
[00:10:55] [main/INFO] - porting_lib_constants: 2.1.784+1.19.2
[00:10:55] [main/INFO] - porting_lib_entity: 2.1.784+1.19.2
[00:10:55] [main/INFO] - porting_lib_extensions: 2.1.784+1.19.2
[00:10:55] [main/INFO] - porting_lib_fake_players: 2.1.784+1.19.2
[00:10:55] [main/INFO] - porting_lib_lazy_registration: 2.1.784+1.19.2
[00:10:55] [main/INFO] - porting_lib_model_generators: 2.1.784+1.19.2
[00:10:55] [main/INFO] - porting_lib_model_loader: 2.1.784+1.19.2
[00:10:55] [main/INFO] - porting_lib_models: 2.1.784+1.19.2
[00:10:55] [main/INFO] - porting_lib_networking: 2.1.784+1.19.2
[00:10:55] [main/INFO] - porting_lib_obj_loader: 2.1.784+1.19.2
[00:10:55] [main/INFO] - porting_lib_transfer: 2.1.784+1.19.2
[00:10:55] [main/INFO] - reach-entity-attributes: 2.3.0
[00:10:55] [main/INFO] - registrate-fabric: 1.1.50-MC1.19.2
[00:10:55] [main/INFO] - roughlyenoughitems: 9.1.587
[00:10:55] [main/INFO] - serialization_hooks: 0.3.26
[00:10:55] [main/INFO] - sound_physics_remastered: 1.19.2-1.0.18
[00:10:55] [main/INFO] - spectrelib: 0.8.1+1.19
[00:10:55] [main/INFO] - toolleveling: 1.19.2-1.4.1
[00:10:55] [main/INFO] - travelersbackpack: 1.19.2-8.2.14
[00:10:55] [main/INFO] - trinkets: 3.4.2
[00:10:55] [main/INFO] - vcinteraction: 1.19.2-1.0.3
[00:10:55] [main/INFO] - voicechat: 1.19.2-2.3.28
[00:10:55] [main/INFO] - yungsapi: 1.19.2-Fabric-3.8.8
[00:10:55] [main/INFO] - yungsbridges: 1.19.2-Fabric-3.1.0
[00:10:55] [main/INFO] - yungsextras: 1.19.2-Fabric-3.1.0
[00:10:55] [main/INFO] ========================================
[00:10:55] [main/INFO] [REI] Registered plugin provider CharmReiServerPlugin [charm] for REIPlugin
[00:10:55] [main/INFO] [REI] Registered plugin provider DefaultPlugin [roughlyenoughitems] for REIPlugin
[00:10:55] [main/INFO] [REI] Registered plugin provider DefaultRuntimePlugin [roughlyenoughitems] for REIPlugin
[00:10:55] [main/INFO] [REI] Registered plugin provider ReiCompat [travelersbackpack] for REIPlugin
[00:10:55] [main/INFO] [REI] Registered plugin provider CharmReiServerPlugin [charm] for REIServerPlugin
[00:10:55] [main/INFO] [REI] Registered plugin provider DefaultPlugin [roughlyenoughitems] for REIServerPlugin
[00:10:55] [main/INFO] [REI] Registered plugin provider DefaultRuntimePlugin [roughlyenoughitems] for REIServerPlugin
[00:10:55] [main/INFO] [REI] Registered plugin provider ReiCompat [travelersbackpack] for REIServerPlugin
[00:10:55] [main/INFO] [REI] Registered plugin provider FabricFluidAPISupportPlugin for REIServerPlugin
[00:10:55] [main/INFO] [REI] Registered plugin provider FabricFluidAPISupportPlugin for REIPlugin
[00:10:58] [Worker-Main-3/DEBUG] [REI] Processed 0 tags in 14.27 μs for minecraft:worldgen/world_preset
[00:10:58] [Worker-Main-6/DEBUG] [REI] Processed 0 tags in 14.48 μs for minecraft:worldgen/structure_set
[00:10:58] [Worker-Main-5/DEBUG] [REI] Processed 0 tags in 33.75 μs for minecraft:worldgen/flat_level_generator_preset
[00:10:58] [Worker-Main-7/DEBUG] [REI] Processed 0 tags in 23.02 μs for minecraft:worldgen/structure
[00:10:58] [Worker-Main-3/DEBUG] [REI] Processed 5 tags in 1.186 ms for minecraft:game_event
[00:10:58] [Worker-Main-5/DEBUG] [REI] Processed 12 tags in 214.9 μs for minecraft:fluid
[00:10:58] [Worker-Main-7/DEBUG] [REI] Processed 16 tags in 87.55 μs for minecraft:entity_type
[00:10:58] [Worker-Main-6/DEBUG] [REI] Processed 5 tags in 118.2 μs for minecraft:enchantment
[00:10:58] [Worker-Main-2/DEBUG] [REI] Processed 1 tags in 120.0 μs for minecraft:painting_variant
[00:10:58] [Worker-Main-1/DEBUG] [REI] Processed 0 tags in 66.82 μs for minecraft:worldgen/biome
[00:10:58] [Worker-Main-7/DEBUG] [REI] Processed 3 tags in 34.11 μs for minecraft:point_of_interest_type
[00:10:58] [Worker-Main-4/DEBUG] [REI] Processed 370 tags in 4.552 ms for minecraft:block
[00:10:58] [Worker-Main-2/DEBUG] [REI] Processed 2 tags in 51.77 μs for minecraft:cat_variant
[00:10:58] [Worker-Main-2/DEBUG] [REI] Processed 7 tags in 29.53 μs for minecraft:banner_pattern
[00:10:58] [Worker-Main-3/DEBUG] [REI] Processed 436 tags in 2.098 ms for minecraft:item
[00:10:58] [Worker-Main-6/DEBUG] [REI] Processed 3 tags in 55.94 μs for minecraft:instrument
[00:10:59] [main/TRACE] [REI] [START] Reloading Section: "pre-register/"
[00:10:59] [main/TRACE] [REI] [START] Reloading Section: "pre-register/DefaultPlugin of DefaultPlugin [roughlyenoughitems]/"
[00:10:59] [main/TRACE] [REI] [START] Reloading Section: "pre-register/DefaultPlugin of DefaultPlugin [roughlyenoughitems]/" done in 1.438 ms
[00:10:59] [main/TRACE] [REI] [START] Reloading Section: "pre-register/FabricFluidAPISupportPlugin/"
[00:10:59] [main/TRACE] [REI] [START] Reloading Section: "pre-register/FabricFluidAPISupportPlugin/" done in 16.25 μs
[00:10:59] [main/TRACE] [REI] [START] Reloading Section: "pre-register/ReiCompat of ReiCompat [travelersbackpack]/"
[00:10:59] [main/TRACE] [REI] [START] Reloading Section: "pre-register/ReiCompat of ReiCompat [travelersbackpack]/" done in 14.90 μs
[00:10:59] [main/TRACE] [REI] [START] Reloading Section: "pre-register/DefaultRuntimePlugin of DefaultRuntimePlugin [roughlyenoughitems]/"
[00:10:59] [main/TRACE] [REI] [START] Reloading Section: "pre-register/DefaultRuntimePlugin of DefaultRuntimePlugin [roughlyenoughitems]/" done in 11.98 μs
[00:10:59] [main/TRACE] [REI] [START] Reloading Section: "pre-register/CharmReiServerPlugin of CharmReiServerPlugin [charm]/"
[00:10:59] [main/TRACE] [REI] [START] Reloading Section: "pre-register/CharmReiServerPlugin of CharmReiServerPlugin [charm]/" done in 11.25 μs
[00:10:59] [main/TRACE] [REI] [START] Reloading Section: "pre-register/" done in 18.63 ms
[00:10:59] [main/TRACE] [REI] [START] Reloading Section: "pre-register/"
[00:10:59] [main/TRACE] [REI] [START] Reloading Section: "pre-register/DefaultPlugin of DefaultPlugin [roughlyenoughitems]/"
[00:10:59] [main/TRACE] [REI] [START] Reloading Section: "pre-register/DefaultPlugin of DefaultPlugin [roughlyenoughitems]/" done in 28.85 μs
[00:10:59] [main/TRACE] [REI] [START] Reloading Section: "pre-register/FabricFluidAPISupportPlugin/"
[00:10:59] [main/TRACE] [REI] [START] Reloading Section: "pre-register/FabricFluidAPISupportPlugin/" done in 11.25 μs
[00:10:59] [main/TRACE] [REI] [START] Reloading Section: "pre-register/ReiCompat of ReiCompat [travelersbackpack]/"
[00:10:59] [main/TRACE] [REI] [START] Reloading Section: "pre-register/ReiCompat of ReiCompat [travelersbackpack]/" done in 10.83 μs
[00:10:59] [main/TRACE] [REI] [START] Reloading Section: "pre-register/DefaultRuntimePlugin of DefaultRuntimePlugin [roughlyenoughitems]/"
[00:10:59] [main/TRACE] [REI] [START] Reloading Section: "pre-register/DefaultRuntimePlugin of DefaultRuntimePlugin [roughlyenoughitems]/" done in 10.83 μs
[00:10:59] [main/TRACE] [REI] [START] Reloading Section: "pre-register/CharmReiServerPlugin of CharmReiServerPlugin [charm]/"
[00:10:59] [main/TRACE] [REI] [START] Reloading Section: "pre-register/CharmReiServerPlugin of CharmReiServerPlugin [charm]/" done in 30.68 μs
[00:10:59] [main/TRACE] [REI] [START] Reloading Section: "pre-register/" done in 5.867 ms
[00:10:59] [main/TRACE] [REI] [START] Reloading Section: "start-reload/"
[00:10:59] [main/TRACE] [REI] [START] Reloading Section: "start-reload/EntryTypeRegistryImpl/"
[00:10:59] [main/TRACE] [REI] [START] Reloading Section: "start-reload/EntryTypeRegistryImpl/" done in 440.8 μs
[00:10:59] [main/TRACE] [REI] [START] Reloading Section: "start-reload/EntrySettingsAdapterRegistryImpl/"
[00:10:59] [main/TRACE] [REI] [START] Reloading Section: "start-reload/EntrySettingsAdapterRegistryImpl/" done in 13.59 μs
[00:10:59] [main/TRACE] [REI] [START] Reloading Section: "start-reload/RecipeManagerContextImpl/"
[00:10:59] [main/TRACE] [REI] [START] Reloading Section: "start-reload/RecipeManagerContextImpl/" done in 9.531 μs
[00:10:59] [main/TRACE] [REI] [START] Reloading Section: "start-reload/ItemComparatorRegistryImpl/"
[00:10:59] [main/TRACE] [REI] [START] Reloading Section: "start-reload/ItemComparatorRegistryImpl/" done in 44.64 μs
[00:10:59] [main/TRACE] [REI] [START] Reloading Section: "start-reload/FluidComparatorRegistryImpl/"
[00:10:59] [main/TRACE] [REI] [START] Reloading Section: "start-reload/FluidComparatorRegistryImpl/" done in 11.56 μs
[00:10:59] [main/TRACE] [REI] [START] Reloading Section: "start-reload/DisplaySerializerRegistryImpl/"
[00:10:59] [main/TRACE] [REI] [START] Reloading Section: "start-reload/DisplaySerializerRegistryImpl/" done in 8.594 μs
[00:10:59] [main/TRACE] [REI] [START] Reloading Section: "start-reload/FluidSupportProviderImpl/"
[00:10:59] [main/TRACE] [REI] [START] Reloading Section: "start-reload/FluidSupportProviderImpl/" done in 30.47 μs
[00:10:59] [main/TRACE] [REI] [START] Reloading Section: "start-reload/" done in 2.123 ms
[00:10:59] [main/INFO] [REI] Reloading Plugin Manager [REIPlugin] stage [START], registered 5 plugins: CharmReiServerPlugin of CharmReiServerPlugin [charm], DefaultRuntimePlugin of DefaultRuntimePlugin [roughlyenoughitems], ReiCompat of ReiCompat [travelersbackpack], FabricFluidAPISupportPlugin, DefaultPlugin of DefaultPlugin [roughlyenoughitems]
[00:10:59] [main/TRACE] [REI] [START] Reloading Section: "reloadable-plugin/EntryTypeRegistryImpl/"
[00:10:59] [main/TRACE] [REI] [START] Reloading Section: "reloadable-plugin/EntryTypeRegistryImpl/DefaultPlugin of DefaultPlugin [roughlyenoughitems]/"
[00:10:59] [main/TRACE] [REI] [START] Reloading Section: "reloadable-plugin/EntryTypeRegistryImpl/DefaultPlugin of DefaultPlugin [roughlyenoughitems]/" done in 225.8 μs
[00:10:59] [main/TRACE] [REI] [START] Reloading Section: "reloadable-plugin/EntryTypeRegistryImpl/FabricFluidAPISupportPlugin/"
[00:10:59] [main/TRACE] [REI] [START] Reloading Section: "reloadable-plugin/EntryTypeRegistryImpl/FabricFluidAPISupportPlugin/" done in 16.51 μs
[00:10:59] [main/TRACE] [REI] [START] Reloading Section: "reloadable-plugin/EntryTypeRegistryImpl/ReiCompat of ReiCompat [travelersbackpack]/"
[00:10:59] [main/TRACE] [REI] [START] Reloading Section: "reloadable-plugin/EntryTypeRegistryImpl/ReiCompat of ReiCompat [travelersbackpack]/" done in 15.89 μs
[00:10:59] [main/TRACE] [REI] [START] Reloading Section: "reloadable-plugin/EntryTypeRegistryImpl/DefaultRuntimePlugin of DefaultRuntimePlugin [roughlyenoughitems]/"
[00:10:59] [main/TRACE] [REI] [START] Reloading Section: "reloadable-plugin/EntryTypeRegistryImpl/DefaultRuntimePlugin of DefaultRuntimePlugin [roughlyenoughitems]/" done in 8.527 ms
[00:10:59] [main/TRACE] [REI] [START] Reloading Section: "reloadable-plugin/EntryTypeRegistryImpl/CharmReiServerPlugin of CharmReiServerPlugin [charm]/"
[00:10:59] [main/TRACE] [REI] [START] Reloading Section: "reloadable-plugin/EntryTypeRegistryImpl/CharmReiServerPlugin of CharmReiServerPlugin [charm]/" done in 20.52 μs
[00:10:59] [main/TRACE] [REI] [START] Reloading Section: "reloadable-plugin/EntryTypeRegistryImpl/" done in 10.52 ms
[00:10:59] [main/TRACE] [REI] [START] Reloading Section: "reloadable-plugin/EntrySettingsAdapterRegistryImpl/"
[00:10:59] [main/TRACE] [REI] [START] Reloading Section: "reloadable-plugin/EntrySettingsAdapterRegistryImpl/DefaultPlugin of DefaultPlugin [roughlyenoughitems]/"
[00:10:59] [main/TRACE] [REI] [START] Reloading Section: "reloadable-plugin/EntrySettingsAdapterRegistryImpl/DefaultPlugin of DefaultPlugin [roughlyenoughitems]/" done in 13.59 μs
[00:10:59] [main/TRACE] [REI] [START] Reloading Section: "reloadable-plugin/EntrySettingsAdapterRegistryImpl/FabricFluidAPISupportPlugin/"
[00:10:59] [main/TRACE] [REI] [START] Reloading Section: "reloadable-plugin/EntrySettingsAdapterRegistryImpl/FabricFluidAPISupportPlugin/" done in 14.58 μs
[00:10:59] [main/TRACE] [REI] [START] Reloading Section: "reloadable-plugin/EntrySettingsAdapterRegistryImpl/ReiCompat of ReiCompat [travelersbackpack]/"
[00:10:59] [main/TRACE] [REI] [START] Reloading Section: "reloadable-plugin/EntrySettingsAdapterRegistryImpl/ReiCompat of ReiCompat [travelersbackpack]/" done in 14.79 μs
[00:10:59] [main/TRACE] [REI] [START] Reloading Section: "reloadable-plugin/EntrySettingsAdapterRegistryImpl/DefaultRuntimePlugin of DefaultRuntimePlugin [roughlyenoughitems]/"
[00:10:59] [main/TRACE] [REI] [START] Reloading Section: "reloadable-plugin/EntrySettingsAdapterRegistryImpl/DefaultRuntimePlugin of DefaultRuntimePlugin [roughlyenoughitems]/" done in 13.59 μs
[00:10:59] [main/TRACE] [REI] [START] Reloading Section: "reloadable-plugin/EntrySettingsAdapterRegistryImpl/CharmReiServerPlugin of CharmReiServerPlugin [charm]/"
[00:10:59] [main/TRACE] [REI] [START] Reloading Section: "reloadable-plugin/EntrySettingsAdapterRegistryImpl/CharmReiServerPlugin of CharmReiServerPlugin [charm]/" done in 13.33 μs
[00:10:59] [main/TRACE] [REI] [START] Reloading Section: "reloadable-plugin/EntrySettingsAdapterRegistryImpl/" done in 1.091 ms
[00:10:59] [main/TRACE] [REI] [START] Reloading Section: "reloadable-plugin/RecipeManagerContextImpl/"
[00:10:59] [main/TRACE] [REI] [START] Reloading Section: "reloadable-plugin/RecipeManagerContextImpl/DefaultPlugin of DefaultPlugin [roughlyenoughitems]/"
[00:10:59] [main/TRACE] [REI] [START] Reloading Section: "reloadable-plugin/RecipeManagerContextImpl/DefaultPlugin of DefaultPlugin [roughlyenoughitems]/" done in 13.80 μs
[00:10:59] [main/TRACE] [REI] [START] Reloading Section: "reloadable-plugin/RecipeManagerContextImpl/FabricFluidAPISupportPlugin/"
[00:10:59] [main/TRACE] [REI] [START] Reloading Section: "reloadable-plugin/RecipeManagerContextImpl/FabricFluidAPISupportPlugin/" done in 16.51 μs
[00:10:59] [main/TRACE] [REI] [START] Reloading Section: "reloadable-plugin/RecipeManagerContextImpl/ReiCompat of ReiCompat [travelersbackpack]/"
[00:10:59] [main/TRACE] [REI] [START] Reloading Section: "reloadable-plugin/RecipeManagerContextImpl/ReiCompat of ReiCompat [travelersbackpack]/" done in 13.91 μs
[00:10:59] [main/TRACE] [REI] [START] Reloading Section: "reloadable-plugin/RecipeManagerContextImpl/DefaultRuntimePlugin of DefaultRuntimePlugin [roughlyenoughitems]/"
[00:10:59] [main/TRACE] [REI] [START] Reloading Section: "reloadable-plugin/RecipeManagerContextImpl/DefaultRuntimePlugin of DefaultRuntimePlugin [roughlyenoughitems]/" done in 12.45 μs
[00:10:59] [main/TRACE] [REI] [START] Reloading Section: "reloadable-plugin/RecipeManagerContextImpl/CharmReiServerPlugin of CharmReiServerPlugin [charm]/"
[00:10:59] [main/TRACE] [REI] [START] Reloading Section: "reloadable-plugin/RecipeManagerContextImpl/CharmReiServerPlugin of CharmReiServerPlugin [charm]/" done in 13.23 μs
[00:10:59] [main/TRACE] [REI] [START] Reloading Section: "reloadable-plugin/RecipeManagerContextImpl/" done in 1.112 ms
[00:10:59] [main/TRACE] [REI] [START] Reloading Section: "reloadable-plugin/ItemComparatorRegistryImpl/"
[00:10:59] [main/TRACE] [REI] [START] Reloading Section: "reloadable-plugin/ItemComparatorRegistryImpl/DefaultPlugin of DefaultPlugin [roughlyenoughitems]/"
[00:10:59] [main/TRACE] [REI] [START] Reloading Section: "reloadable-plugin/ItemComparatorRegistryImpl/DefaultPlugin of DefaultPlugin [roughlyenoughitems]/" done in 1.019 ms
[00:10:59] [main/TRACE] [REI] [START] Reloading Section: "reloadable-plugin/ItemComparatorRegistryImpl/FabricFluidAPISupportPlugin/"
[00:10:59] [main/TRACE] [REI] [START] Reloading Section: "reloadable-plugin/ItemComparatorRegistryImpl/FabricFluidAPISupportPlugin/" done in 21.77 μs
[00:10:59] [main/TRACE] [REI] [START] Reloading Section: "reloadable-plugin/ItemComparatorRegistryImpl/ReiCompat of ReiCompat [travelersbackpack]/"
[00:10:59] [main/TRACE] [REI] [START] Reloading Section: "reloadable-plugin/ItemComparatorRegistryImpl/ReiCompat of ReiCompat [travelersbackpack]/" done in 15.68 μs
[00:10:59] [main/TRACE] [REI] [START] Reloading Section: "reloadable-plugin/ItemComparatorRegistryImpl/DefaultRuntimePlugin of DefaultRuntimePlugin [roughlyenoughitems]/"
[00:10:59] [main/TRACE] [REI] [START] Reloading Section: "reloadable-plugin/ItemComparatorRegistryImpl/DefaultRuntimePlugin of DefaultRuntimePlugin [roughlyenoughitems]/" done in 18.23 μs
[00:10:59] [main/TRACE] [REI] [START] Reloading Section: "reloadable-plugin/ItemComparatorRegistryImpl/CharmReiServerPlugin of CharmReiServerPlugin [charm]/"
[00:10:59] [main/TRACE] [REI] [START] Reloading Section: "reloadable-plugin/ItemComparatorRegistryImpl/CharmReiServerPlugin of CharmReiServerPlugin [charm]/" done in 14.58 μs
[00:10:59] [main/TRACE] [REI] [START] Reloading Section: "reloadable-plugin/ItemComparatorRegistryImpl/" done in 2.108 ms
[00:10:59] [main/TRACE] [REI] [START] Reloading Section: "reloadable-plugin/FluidComparatorRegistryImpl/"
[00:10:59] [main/TRACE] [REI] [START] Reloading Section: "reloadable-plugin/FluidComparatorRegistryImpl/DefaultPlugin of DefaultPlugin [roughlyenoughitems]/"
[00:10:59] [main/TRACE] [REI] [START] Reloading Section: "reloadable-plugin/FluidComparatorRegistryImpl/DefaultPlugin of DefaultPlugin [roughlyenoughitems]/" done in 30.68 μs
[00:10:59] [main/TRACE] [REI] [START] Reloading Section: "reloadable-plugin/FluidComparatorRegistryImpl/FabricFluidAPISupportPlugin/"
[00:10:59] [main/TRACE] [REI] [START] Reloading Section: "reloadable-plugin/FluidComparatorRegistryImpl/FabricFluidAPISupportPlugin/" done in 14.38 μs
[00:10:59] [main/TRACE] [REI] [START] Reloading Section: "reloadable-plugin/FluidComparatorRegistryImpl/ReiCompat of ReiCompat [travelersbackpack]/"
[00:10:59] [main/TRACE] [REI] [START] Reloading Section: "reloadable-plugin/FluidComparatorRegistryImpl/ReiCompat of ReiCompat [travelersbackpack]/" done in 17.45 μs
[00:10:59] [main/TRACE] [REI] [START] Reloading Section: "reloadable-plugin/FluidComparatorRegistryImpl/DefaultRuntimePlugin of DefaultRuntimePlugin [roughlyenoughitems]/"
[00:10:59] [main/TRACE] [REI] [START] Reloading Section: "reloadable-plugin/FluidComparatorRegistryImpl/DefaultRuntimePlugin of DefaultRuntimePlugin [roughlyenoughitems]/" done in 15.42 μs
[00:10:59] [main/TRACE] [REI] [START] Reloading Section: "reloadable-plugin/FluidComparatorRegistryImpl/CharmReiServerPlugin of CharmReiServerPlugin [charm]/"
[00:10:59] [main/TRACE] [REI] [START] Reloading Section: "reloadable-plugin/FluidComparatorRegistryImpl/CharmReiServerPlugin of CharmReiServerPlugin [charm]/" done in 14.27 μs
[00:10:59] [main/TRACE] [REI] [START] Reloading Section: "reloadable-plugin/FluidComparatorRegistryImpl/" done in 1.064 ms
[00:10:59] [main/TRACE] [REI] [START] Reloading Section: "reloadable-plugin/DisplaySerializerRegistryImpl/"
[00:10:59] [main/TRACE] [REI] [START] Reloading Section: "reloadable-plugin/DisplaySerializerRegistryImpl/DefaultPlugin of DefaultPlugin [roughlyenoughitems]/"
[00:10:59] [main/TRACE] [REI] [START] Reloading Section: "reloadable-plugin/DisplaySerializerRegistryImpl/DefaultPlugin of DefaultPlugin [roughlyenoughitems]/" done in 13.70 μs
[00:10:59] [main/TRACE] [REI] [START] Reloading Section: "reloadable-plugin/DisplaySerializerRegistryImpl/FabricFluidAPISupportPlugin/"
[00:10:59] [main/TRACE] [REI] [START] Reloading Section: "reloadable-plugin/DisplaySerializerRegistryImpl/FabricFluidAPISupportPlugin/" done in 16.41 μs
[00:10:59] [main/TRACE] [REI] [START] Reloading Section: "reloadable-plugin/DisplaySerializerRegistryImpl/ReiCompat of ReiCompat [travelersbackpack]/"
[00:10:59] [main/TRACE] [REI] [START] Reloading Section: "reloadable-plugin/DisplaySerializerRegistryImpl/ReiCompat of ReiCompat [travelersbackpack]/" done in 13.54 μs
[00:10:59] [main/TRACE] [REI] [START] Reloading Section: "reloadable-plugin/DisplaySerializerRegistryImpl/DefaultRuntimePlugin of DefaultRuntimePlugin [roughlyenoughitems]/"
[00:10:59] [main/TRACE] [REI] [START] Reloading Section: "reloadable-plugin/DisplaySerializerRegistryImpl/DefaultRuntimePlugin of DefaultRuntimePlugin [roughlyenoughitems]/" done in 13.96 μs
[00:10:59] [main/TRACE] [REI] [START] Reloading Section: "reloadable-plugin/DisplaySerializerRegistryImpl/CharmReiServerPlugin of CharmReiServerPlugin [charm]/"
[00:10:59] [main/TRACE] [REI] [START] Reloading Section: "reloadable-plugin/DisplaySerializerRegistryImpl/CharmReiServerPlugin of CharmReiServerPlugin [charm]/" done in 13.18 μs
[00:10:59] [main/TRACE] [REI] [START] Reloading Section: "reloadable-plugin/DisplaySerializerRegistryImpl/" done in 844.9 μs
[00:10:59] [main/TRACE] [REI] [START] Reloading Section: "reloadable-plugin/FluidSupportProviderImpl/"
[00:10:59] [main/TRACE] [REI] [START] Reloading Section: "reloadable-plugin/FluidSupportProviderImpl/DefaultPlugin of DefaultPlugin [roughlyenoughitems]/"
[00:10:59] [main/TRACE] [REI] [START] Reloading Section: "reloadable-plugin/FluidSupportProviderImpl/DefaultPlugin of DefaultPlugin [roughlyenoughitems]/" done in 733.0 μs
[00:10:59] [main/TRACE] [REI] [START] Reloading Section: "reloadable-plugin/FluidSupportProviderImpl/FabricFluidAPISupportPlugin/"
[00:10:59] [main/TRACE] [REI] [START] Reloading Section: "reloadable-plugin/FluidSupportProviderImpl/FabricFluidAPISupportPlugin/" done in 181.0 μs
[00:10:59] [main/TRACE] [REI] [START] Reloading Section: "reloadable-plugin/FluidSupportProviderImpl/ReiCompat of ReiCompat [travelersbackpack]/"
[00:10:59] [main/TRACE] [REI] [START] Reloading Section: "reloadable-plugin/FluidSupportProviderImpl/ReiCompat of ReiCompat [travelersbackpack]/" done in 10.16 μs
[00:10:59] [main/TRACE] [REI] [START] Reloading Section: "reloadable-plugin/FluidSupportProviderImpl/DefaultRuntimePlugin of DefaultRuntimePlugin [roughlyenoughitems]/"
[00:10:59] [main/TRACE] [REI] [START] Reloading Section: "reloadable-plugin/FluidSupportProviderImpl/DefaultRuntimePlugin of DefaultRuntimePlugin [roughlyenoughitems]/" done in 9.792 μs
[00:10:59] [main/TRACE] [REI] [START] Reloading Section: "reloadable-plugin/FluidSupportProviderImpl/CharmReiServerPlugin of CharmReiServerPlugin [charm]/"
[00:10:59] [main/TRACE] [REI] [START] Reloading Section: "reloadable-plugin/FluidSupportProviderImpl/CharmReiServerPlugin of CharmReiServerPlugin [charm]/" done in 8.229 μs
[00:10:59] [main/TRACE] [REI] [START] Reloading Section: "reloadable-plugin/FluidSupportProviderImpl/" done in 1.622 ms
[00:10:59] [main/TRACE] [REI] [START] Reloading Section: "end-reload/"
[00:10:59] [main/TRACE] [REI] [START] Reloading Section: "end-reload/EntryTypeRegistryImpl/"
[00:10:59] [main/TRACE] [REI] [START] Reloading Section: "end-reload/EntryTypeRegistryImpl/" done in 13.75 μs
[00:10:59] [main/TRACE] [REI] [START] Reloading Section: "end-reload/EntrySettingsAdapterRegistryImpl/"
[00:10:59] [main/TRACE] [REI] [START] Reloading Section: "end-reload/EntrySettingsAdapterRegistryImpl/" done in 5.521 μs
[00:10:59] [main/TRACE] [REI] [START] Reloading Section: "end-reload/RecipeManagerContextImpl/"
[00:10:59] [main/TRACE] [REI] [START] Reloading Section: "end-reload/RecipeManagerContextImpl/" done in 4.688 μs
[00:10:59] [main/TRACE] [REI] [START] Reloading Section: "end-reload/ItemComparatorRegistryImpl/"
[00:10:59] [main/TRACE] [REI] [START] Reloading Section: "end-reload/ItemComparatorRegistryImpl/" done in 4.896 μs
[00:10:59] [main/TRACE] [REI] [START] Reloading Section: "end-reload/FluidComparatorRegistryImpl/"
[00:10:59] [main/TRACE] [REI] [START] Reloading Section: "end-reload/FluidComparatorRegistryImpl/" done in 4.219 μs
[00:10:59] [main/TRACE] [REI] [START] Reloading Section: "end-reload/DisplaySerializerRegistryImpl/"
[00:10:59] [main/TRACE] [REI] [START] Reloading Section: "end-reload/DisplaySerializerRegistryImpl/" done in 3.854 μs
[00:10:59] [main/TRACE] [REI] [START] Reloading Section: "end-reload/FluidSupportProviderImpl/"
[00:10:59] [main/TRACE] [REI] [START] Reloading Section: "end-reload/FluidSupportProviderImpl/" done in 4.688 μs
[00:10:59] [main/TRACE] [REI] [START] Reloading Section: "end-reload/" done in 815.8 μs
[00:10:59] [main/TRACE] [REI] [START] Reloading Section: "start-reload/"
[00:10:59] [main/TRACE] [REI] [START] Reloading Section: "start-reload/MenuInfoRegistryImpl/"
[00:10:59] [main/TRACE] [REI] [START] Reloading Section: "start-reload/MenuInfoRegistryImpl/" done in 5.834 μs
[00:10:59] [main/TRACE] [REI] [START] Reloading Section: "start-reload/" done in 89.06 μs
[00:10:59] [main/INFO] [REI] Reloading Plugin Manager [REIServerPlugin] stage [START], registered 5 plugins: CharmReiServerPlugin of CharmReiServerPlugin [charm], DefaultRuntimePlugin of DefaultRuntimePlugin [roughlyenoughitems], ReiCompat of ReiCompat [travelersbackpack], FabricFluidAPISupportPlugin, DefaultPlugin of DefaultPlugin [roughlyenoughitems]
[00:10:59] [main/TRACE] [REI] [START] Reloading Section: "reloadable-plugin/MenuInfoRegistryImpl/"
[00:10:59] [main/TRACE] [REI] [START] Reloading Section: "reloadable-plugin/MenuInfoRegistryImpl/DefaultPlugin of DefaultPlugin [roughlyenoughitems]/"
[00:10:59] [main/TRACE] [REI] [START] Reloading Section: "reloadable-plugin/MenuInfoRegistryImpl/DefaultPlugin of DefaultPlugin [roughlyenoughitems]/" done in 8.334 μs
[00:10:59] [main/TRACE] [REI] [START] Reloading Section: "reloadable-plugin/MenuInfoRegistryImpl/FabricFluidAPISupportPlugin/"
[00:10:59] [main/TRACE] [REI] [START] Reloading Section: "reloadable-plugin/MenuInfoRegistryImpl/FabricFluidAPISupportPlugin/" done in 6.980 μs
[00:10:59] [main/TRACE] [REI] [START] Reloading Section: "reloadable-plugin/MenuInfoRegistryImpl/ReiCompat of ReiCompat [travelersbackpack]/"
[00:10:59] [main/TRACE] [REI] [START] Reloading Section: "reloadable-plugin/MenuInfoRegistryImpl/ReiCompat of ReiCompat [travelersbackpack]/" done in 9.270 μs
[00:10:59] [main/TRACE] [REI] [START] Reloading Section: "reloadable-plugin/MenuInfoRegistryImpl/DefaultRuntimePlugin of DefaultRuntimePlugin [roughlyenoughitems]/"
[00:10:59] [main/TRACE] [REI] [START] Reloading Section: "reloadable-plugin/MenuInfoRegistryImpl/DefaultRuntimePlugin of DefaultRuntimePlugin [roughlyenoughitems]/" done in 7.344 μs
[00:10:59] [main/TRACE] [REI] [START] Reloading Section: "reloadable-plugin/MenuInfoRegistryImpl/CharmReiServerPlugin of CharmReiServerPlugin [charm]/"
[00:10:59] [main/TRACE] [REI] [START] Reloading Section: "reloadable-plugin/MenuInfoRegistryImpl/CharmReiServerPlugin of CharmReiServerPlugin [charm]/" done in 6.198 μs
[00:10:59] [main/TRACE] [REI] [START] Reloading Section: "reloadable-plugin/MenuInfoRegistryImpl/" done in 588.9 μs
[00:10:59] [main/TRACE] [REI] [START] Reloading Section: "end-reload/"
[00:10:59] [main/TRACE] [REI] [START] Reloading Section: "end-reload/MenuInfoRegistryImpl/"
[00:10:59] [main/TRACE] [REI] [START] Reloading Section: "end-reload/MenuInfoRegistryImpl/" done in 4.375 μs
[00:10:59] [main/TRACE] [REI] [START] Reloading Section: "end-reload/" done in 122.3 μs
[00:10:59] [main/TRACE] [REI] [START] Reloading Section: "post-register/"
[00:10:59] [main/TRACE] [REI] [START] Reloading Section: "post-register/DefaultPlugin of DefaultPlugin [roughlyenoughitems]/"
[00:10:59] [main/TRACE] [REI] [START] Reloading Section: "post-register/DefaultPlugin of DefaultPlugin [roughlyenoughitems]/" done in 135.9 μs
[00:10:59] [main/TRACE] [REI] [START] Reloading Section: "post-register/FabricFluidAPISupportPlugin/"
[00:10:59] [main/TRACE] [REI] [START] Reloading Section: "post-register/FabricFluidAPISupportPlugin/" done in 6.302 μs
[00:10:59] [main/TRACE] [REI] [START] Reloading Section: "post-register/ReiCompat of ReiCompat [travelersbackpack]/"
[00:10:59] [main/TRACE] [REI] [START] Reloading Section: "post-register/ReiCompat of ReiCompat [travelersbackpack]/" done in 6.406 μs
[00:10:59] [main/TRACE] [REI] [START] Reloading Section: "post-register/DefaultRuntimePlugin of DefaultRuntimePlugin [roughlyenoughitems]/"
[00:10:59] [main/TRACE] [REI] [START] Reloading Section: "post-register/DefaultRuntimePlugin of DefaultRuntimePlugin [roughlyenoughitems]/" done in 5.157 μs
[00:10:59] [main/TRACE] [REI] [START] Reloading Section: "post-register/CharmReiServerPlugin of CharmReiServerPlugin [charm]/"
[00:10:59] [main/TRACE] [REI] [START] Reloading Section: "post-register/CharmReiServerPlugin of CharmReiServerPlugin [charm]/" done in 6.094 μs
[00:10:59] [main/TRACE] [REI] [START] Reloading Section: "post-register/" done in 863.6 μs
[00:10:59] [main/INFO] [REI] Reloaded Plugin Manager [REIPlugin] with 5 plugins in 50.65 ms.
[00:10:59] [main/TRACE] [REI] [START] Reloading Section: "post-register/"
[00:10:59] [main/TRACE] [REI] [START] Reloading Section: "post-register/DefaultPlugin of DefaultPlugin [roughlyenoughitems]/"
[00:10:59] [main/TRACE] [REI] [START] Reloading Section: "post-register/DefaultPlugin of DefaultPlugin [roughlyenoughitems]/" done in 7.552 μs
[00:10:59] [main/TRACE] [REI] [START] Reloading Section: "post-register/FabricFluidAPISupportPlugin/"
[00:10:59] [main/TRACE] [REI] [START] Reloading Section: "post-register/FabricFluidAPISupportPlugin/" done in 5.573 μs
[00:10:59] [main/TRACE] [REI] [START] Reloading Section: "post-register/ReiCompat of ReiCompat [travelersbackpack]/"
[00:10:59] [main/TRACE] [REI] [START] Reloading Section: "post-register/ReiCompat of ReiCompat [travelersbackpack]/" done in 4.947 μs
[00:10:59] [main/TRACE] [REI] [START] Reloading Section: "post-register/DefaultRuntimePlugin of DefaultRuntimePlugin [roughlyenoughitems]/"
[00:10:59] [main/TRACE] [REI] [START] Reloading Section: "post-register/DefaultRuntimePlugin of DefaultRuntimePlugin [roughlyenoughitems]/" done in 4.895 μs
[00:10:59] [main/TRACE] [REI] [START] Reloading Section: "post-register/CharmReiServerPlugin of CharmReiServerPlugin [charm]/"
[00:10:59] [main/TRACE] [REI] [START] Reloading Section: "post-register/CharmReiServerPlugin of CharmReiServerPlugin [charm]/" done in 5.104 μs
[00:10:59] [main/TRACE] [REI] [START] Reloading Section: "post-register/" done in 392.0 μs
[00:10:59] [main/INFO] [REI] Reloaded Plugin Manager [REIServerPlugin] with 5 plugins in 7.987 ms.
[00:10:59] [main/TRACE] [REI] [END] Reloading Section: "pre-register/"
[00:10:59] [main/TRACE] [REI] [END] Reloading Section: "pre-register/DefaultPlugin of DefaultPlugin [roughlyenoughitems]/"
[00:10:59] [main/TRACE] [REI] [END] Reloading Section: "pre-register/DefaultPlugin of DefaultPlugin [roughlyenoughitems]/" done in 8.229 μs
[00:10:59] [main/TRACE] [REI] [END] Reloading Section: "pre-register/FabricFluidAPISupportPlugin/"
[00:10:59] [main/TRACE] [REI] [END] Reloading Section: "pre-register/FabricFluidAPISupportPlugin/" done in 22.55 μs
[00:10:59] [main/TRACE] [REI] [END] Reloading Section: "pre-register/ReiCompat of ReiCompat [travelersbackpack]/"
[00:10:59] [main/TRACE] [REI] [END] Reloading Section: "pre-register/ReiCompat of ReiCompat [travelersbackpack]/" done in 6.094 μs
[00:10:59] [main/TRACE] [REI] [END] Reloading Section: "pre-register/DefaultRuntimePlugin of DefaultRuntimePlugin [roughlyenoughitems]/"
[00:10:59] [main/TRACE] [REI] [END] Reloading Section: "pre-register/DefaultRuntimePlugin of DefaultRuntimePlugin [roughlyenoughitems]/" done in 5.417 μs
[00:10:59] [main/TRACE] [REI] [END] Reloading Section: "pre-register/CharmReiServerPlugin of CharmReiServerPlugin [charm]/"
[00:10:59] [main/TRACE] [REI] [END] Reloading Section: "pre-register/CharmReiServerPlugin of CharmReiServerPlugin [charm]/" done in 6.510 μs
[00:10:59] [main/TRACE] [REI] [END] Reloading Section: "pre-register/" done in 481.6 μs
[00:10:59] [main/TRACE] [REI] [END] Reloading Section: "pre-register/"
[00:10:59] [main/TRACE] [REI] [END] Reloading Section: "pre-register/DefaultPlugin of DefaultPlugin [roughlyenoughitems]/"
[00:10:59] [main/TRACE] [REI] [END] Reloading Section: "pre-register/DefaultPlugin of DefaultPlugin [roughlyenoughitems]/" done in 6.042 μs
[00:10:59] [main/TRACE] [REI] [END] Reloading Section: "pre-register/FabricFluidAPISupportPlugin/"
[00:10:59] [main/TRACE] [REI] [END] Reloading Section: "pre-register/FabricFluidAPISupportPlugin/" done in 4.896 μs
[00:10:59] [main/TRACE] [REI] [END] Reloading Section: "pre-register/ReiCompat of ReiCompat [travelersbackpack]/"
[00:10:59] [main/TRACE] [REI] [END] Reloading Section: "pre-register/ReiCompat of ReiCompat [travelersbackpack]/" done in 5.781 μs
[00:10:59] [main/TRACE] [REI] [END] Reloading Section: "pre-register/DefaultRuntimePlugin of DefaultRuntimePlugin [roughlyenoughitems]/"
[00:10:59] [main/TRACE] [REI] [END] Reloading Section: "pre-register/DefaultRuntimePlugin of DefaultRuntimePlugin [roughlyenoughitems]/" done in 5.677 μs
[00:10:59] [main/TRACE] [REI] [END] Reloading Section: "pre-register/CharmReiServerPlugin of CharmReiServerPlugin [charm]/"
[00:10:59] [main/TRACE] [REI] [END] Reloading Section: "pre-register/CharmReiServerPlugin of CharmReiServerPlugin [charm]/" done in 5.938 μs
[00:10:59] [main/TRACE] [REI] [END] Reloading Section: "pre-register/" done in 447.4 μs
[00:10:59] [main/TRACE] [REI] [END] Reloading Section: "start-reload/"
[00:10:59] [main/TRACE] [REI] [END] Reloading Section: "start-reload/EntryTypeRegistryImpl/"
[00:10:59] [main/TRACE] [REI] [END] Reloading Section: "start-reload/EntryTypeRegistryImpl/" done in 5.886 μs
[00:10:59] [main/TRACE] [REI] [END] Reloading Section: "start-reload/EntrySettingsAdapterRegistryImpl/"
[00:10:59] [main/TRACE] [REI] [END] Reloading Section: "start-reload/EntrySettingsAdapterRegistryImpl/" done in 19.32 μs
[00:10:59] [main/TRACE] [REI] [END] Reloading Section: "start-reload/RecipeManagerContextImpl/"
[00:10:59] [main/TRACE] [REI] [END] Reloading Section: "start-reload/RecipeManagerContextImpl/" done in 5.625 μs
[00:10:59] [main/TRACE] [REI] [END] Reloading Section: "start-reload/ItemComparatorRegistryImpl/"
[00:10:59] [main/TRACE] [REI] [END] Reloading Section: "start-reload/ItemComparatorRegistryImpl/" done in 5.052 μs
[00:10:59] [main/TRACE] [REI] [END] Reloading Section: "start-reload/FluidComparatorRegistryImpl/"
[00:10:59] [main/TRACE] [REI] [END] Reloading Section: "start-reload/FluidComparatorRegistryImpl/" done in 4.427 μs
[00:10:59] [main/TRACE] [REI] [END] Reloading Section: "start-reload/DisplaySerializerRegistryImpl/"
[00:10:59] [main/TRACE] [REI] [END] Reloading Section: "start-reload/DisplaySerializerRegistryImpl/" done in 12.66 μs
[00:10:59] [main/TRACE] [REI] [END] Reloading Section: "start-reload/FluidSupportProviderImpl/"
[00:10:59] [main/TRACE] [REI] [END] Reloading Section: "start-reload/FluidSupportProviderImpl/" done in 4.635 μs
[00:10:59] [main/TRACE] [REI] [END] Reloading Section: "start-reload/" done in 744.0 μs
[00:10:59] [main/INFO] [REI] Reloading Plugin Manager [REIPlugin] stage [END], registered 5 plugins: CharmReiServerPlugin of CharmReiServerPlugin [charm], DefaultRuntimePlugin of DefaultRuntimePlugin [roughlyenoughitems], ReiCompat of ReiCompat [travelersbackpack], FabricFluidAPISupportPlugin, DefaultPlugin of DefaultPlugin [roughlyenoughitems]
[00:10:59] [main/TRACE] [REI] [END] Reloading Section: "reloadable-plugin/EntryTypeRegistryImpl/"
[00:10:59] [main/TRACE] [REI] [END] Reloading Section: "reloadable-plugin/EntryTypeRegistryImpl/DefaultPlugin of DefaultPlugin [roughlyenoughitems]/"
[00:10:59] [main/TRACE] [REI] [END] Reloading Section: "reloadable-plugin/EntryTypeRegistryImpl/DefaultPlugin of DefaultPlugin [roughlyenoughitems]/" done in 10.73 μs
[00:10:59] [main/TRACE] [REI] [END] Reloading Section: "reloadable-plugin/EntryTypeRegistryImpl/FabricFluidAPISupportPlugin/"
[00:10:59] [main/TRACE] [REI] [END] Reloading Section: "reloadable-plugin/EntryTypeRegistryImpl/FabricFluidAPISupportPlugin/" done in 6.928 μs
[00:10:59] [main/TRACE] [REI] [END] Reloading Section: "reloadable-plugin/EntryTypeRegistryImpl/ReiCompat of ReiCompat [travelersbackpack]/"
[00:10:59] [main/TRACE] [REI] [END] Reloading Section: "reloadable-plugin/EntryTypeRegistryImpl/ReiCompat of ReiCompat [travelersbackpack]/" done in 6.770 μs
[00:10:59] [main/TRACE] [REI] [END] Reloading Section: "reloadable-plugin/EntryTypeRegistryImpl/DefaultRuntimePlugin of DefaultRuntimePlugin [roughlyenoughitems]/"
[00:10:59] [main/TRACE] [REI] [END] Reloading Section: "reloadable-plugin/EntryTypeRegistryImpl/DefaultRuntimePlugin of DefaultRuntimePlugin [roughlyenoughitems]/" done in 8.125 μs
[00:10:59] [main/TRACE] [REI] [END] Reloading Section: "reloadable-plugin/EntryTypeRegistryImpl/CharmReiServerPlugin of CharmReiServerPlugin [charm]/"
[00:10:59] [main/TRACE] [REI] [END] Reloading Section: "reloadable-plugin/EntryTypeRegistryImpl/CharmReiServerPlugin of CharmReiServerPlugin [charm]/" done in 7.084 μs
[00:10:59] [main/TRACE] [REI] [END] Reloading Section: "reloadable-plugin/EntryTypeRegistryImpl/" done in 481.2 μs
[00:10:59] [main/TRACE] [REI] [END] Reloading Section: "reloadable-plugin/EntrySettingsAdapterRegistryImpl/"
[00:10:59] [main/TRACE] [REI] [END] Reloading Section: "reloadable-plugin/EntrySettingsAdapterRegistryImpl/DefaultPlugin of DefaultPlugin [roughlyenoughitems]/"
[00:10:59] [main/TRACE] [REI] [END] Reloading Section: "reloadable-plugin/EntrySettingsAdapterRegistryImpl/DefaultPlugin of DefaultPlugin [roughlyenoughitems]/" done in 17.81 μs
[00:10:59] [main/TRACE] [REI] [END] Reloading Section: "reloadable-plugin/EntrySettingsAdapterRegistryImpl/FabricFluidAPISupportPlugin/"
[00:10:59] [main/TRACE] [REI] [END] Reloading Section: "reloadable-plugin/EntrySettingsAdapterRegistryImpl/FabricFluidAPISupportPlugin/" done in 7.396 μs
[00:10:59] [main/TRACE] [REI] [END] Reloading Section: "reloadable-plugin/EntrySettingsAdapterRegistryImpl/ReiCompat of ReiCompat [travelersbackpack]/"
[00:10:59] [main/TRACE] [REI] [END] Reloading Section: "reloadable-plugin/EntrySettingsAdapterRegistryImpl/ReiCompat of ReiCompat [travelersbackpack]/" done in 46.15 μs
[00:10:59] [main/TRACE] [REI] [END] Reloading Section: "reloadable-plugin/EntrySettingsAdapterRegistryImpl/DefaultRuntimePlugin of DefaultRuntimePlugin [roughlyenoughitems]/"
[00:10:59] [main/TRACE] [REI] [END] Reloading Section: "reloadable-plugin/EntrySettingsAdapterRegistryImpl/DefaultRuntimePlugin of DefaultRuntimePlugin [roughlyenoughitems]/" done in 38.02 μs
[00:10:59] [main/TRACE] [REI] [END] Reloading Section: "reloadable-plugin/EntrySettingsAdapterRegistryImpl/CharmReiServerPlugin of CharmReiServerPlugin [charm]/"
[00:10:59] [main/TRACE] [REI] [END] Reloading Section: "reloadable-plugin/EntrySettingsAdapterRegistryImpl/CharmReiServerPlugin of CharmReiServerPlugin [charm]/" done in 9.479 μs
[00:10:59] [main/TRACE] [REI] [END] Reloading Section: "reloadable-plugin/EntrySettingsAdapterRegistryImpl/" done in 1.570 ms
[00:10:59] [main/TRACE] [REI] [END] Reloading Section: "reloadable-plugin/RecipeManagerContextImpl/"
[00:10:59] [main/TRACE] [REI] [END] Reloading Section: "reloadable-plugin/RecipeManagerContextImpl/DefaultPlugin of DefaultPlugin [roughlyenoughitems]/"
[00:10:59] [main/TRACE] [REI] [END] Reloading Section: "reloadable-plugin/RecipeManagerContextImpl/DefaultPlugin of DefaultPlugin [roughlyenoughitems]/" done in 9.635 μs
[00:10:59] [main/TRACE] [REI] [END] Reloading Section: "reloadable-plugin/RecipeManagerContextImpl/FabricFluidAPISupportPlugin/"
[00:10:59] [main/TRACE] [REI] [END] Reloading Section: "reloadable-plugin/RecipeManagerContextImpl/FabricFluidAPISupportPlugin/" done in 7.709 μs
[00:10:59] [main/TRACE] [REI] [END] Reloading Section: "reloadable-plugin/RecipeManagerContextImpl/ReiCompat of ReiCompat [travelersbackpack]/"
[00:10:59] [main/TRACE] [REI] [END] Reloading Section: "reloadable-plugin/RecipeManagerContextImpl/ReiCompat of ReiCompat [travelersbackpack]/" done in 9.896 μs
[00:10:59] [main/TRACE] [REI] [END] Reloading Section: "reloadable-plugin/RecipeManagerContextImpl/DefaultRuntimePlugin of DefaultRuntimePlugin [roughlyenoughitems]/"
[00:10:59] [main/TRACE] [REI] [END] Reloading Section: "reloadable-plugin/RecipeManagerContextImpl/DefaultRuntimePlugin of DefaultRuntimePlugin [roughlyenoughitems]/" done in 11.98 μs
[00:10:59] [main/TRACE] [REI] [END] Reloading Section: "reloadable-plugin/RecipeManagerContextImpl/CharmReiServerPlugin of CharmReiServerPlugin [charm]/"
[00:10:59] [main/TRACE] [REI] [END] Reloading Section: "reloadable-plugin/RecipeManagerContextImpl/CharmReiServerPlugin of CharmReiServerPlugin [charm]/" done in 7.708 μs
[00:10:59] [main/TRACE] [REI] [END] Reloading Section: "reloadable-plugin/RecipeManagerContextImpl/" done in 573.9 μs
[00:10:59] [main/TRACE] [REI] [END] Reloading Section: "reloadable-plugin/ItemComparatorRegistryImpl/"
[00:10:59] [main/TRACE] [REI] [END] Reloading Section: "reloadable-plugin/ItemComparatorRegistryImpl/DefaultPlugin of DefaultPlugin [roughlyenoughitems]/"
[00:10:59] [main/TRACE] [REI] [END] Reloading Section: "reloadable-plugin/ItemComparatorRegistryImpl/DefaultPlugin of DefaultPlugin [roughlyenoughitems]/" done in 8.855 μs
[00:10:59] [main/TRACE] [REI] [END] Reloading Section: "reloadable-plugin/ItemComparatorRegistryImpl/FabricFluidAPISupportPlugin/"
[00:10:59] [main/TRACE] [REI] [END] Reloading Section: "reloadable-plugin/ItemComparatorRegistryImpl/FabricFluidAPISupportPlugin/" done in 8.229 μs
[00:10:59] [main/TRACE] [REI] [END] Reloading Section: "reloadable-plugin/ItemComparatorRegistryImpl/ReiCompat of ReiCompat [travelersbackpack]/"
[00:10:59] [main/TRACE] [REI] [END] Reloading Section: "reloadable-plugin/ItemComparatorRegistryImpl/ReiCompat of ReiCompat [travelersbackpack]/" done in 7.344 μs
[00:10:59] [main/TRACE] [REI] [END] Reloading Section: "reloadable-plugin/ItemComparatorRegistryImpl/DefaultRuntimePlugin of DefaultRuntimePlugin [roughlyenoughitems]/"
[00:10:59] [main/TRACE] [REI] [END] Reloading Section: "reloadable-plugin/ItemComparatorRegistryImpl/DefaultRuntimePlugin of DefaultRuntimePlugin [roughlyenoughitems]/" done in 7.500 μs
[00:10:59] [main/TRACE] [REI] [END] Reloading Section: "reloadable-plugin/ItemComparatorRegistryImpl/CharmReiServerPlugin of CharmReiServerPlugin [charm]/"
[00:10:59] [main/TRACE] [REI] [END] Reloading Section: "reloadable-plugin/ItemComparatorRegistryImpl/CharmReiServerPlugin of CharmReiServerPlugin [charm]/" done in 9.427 μs
[00:10:59] [main/TRACE] [REI] [END] Reloading Section: "reloadable-plugin/ItemComparatorRegistryImpl/" done in 495.7 μs
[00:10:59] [main/TRACE] [REI] [END] Reloading Section: "reloadable-plugin/FluidComparatorRegistryImpl/"
[00:10:59] [main/TRACE] [REI] [END] Reloading Section: "reloadable-plugin/FluidComparatorRegistryImpl/DefaultPlugin of DefaultPlugin [roughlyenoughitems]/"
[00:10:59] [main/TRACE] [REI] [END] Reloading Section: "reloadable-plugin/FluidComparatorRegistryImpl/DefaultPlugin of DefaultPlugin [roughlyenoughitems]/" done in 6.875 μs
[00:10:59] [main/TRACE] [REI] [END] Reloading Section: "reloadable-plugin/FluidComparatorRegistryImpl/FabricFluidAPISupportPlugin/"
[00:10:59] [main/TRACE] [REI] [END] Reloading Section: "reloadable-plugin/FluidComparatorRegistryImpl/FabricFluidAPISupportPlugin/" done in 6.406 μs
[00:10:59] [main/TRACE] [REI] [END] Reloading Section: "reloadable-plugin/FluidComparatorRegistryImpl/ReiCompat of ReiCompat [travelersbackpack]/"
[00:10:59] [main/TRACE] [REI] [END] Reloading Section: "reloadable-plugin/FluidComparatorRegistryImpl/ReiCompat of ReiCompat [travelersbackpack]/" done in 6.615 μs
[00:10:59] [main/TRACE] [REI] [END] Reloading Section: "reloadable-plugin/FluidComparatorRegistryImpl/DefaultRuntimePlugin of DefaultRuntimePlugin [roughlyenoughitems]/"
[00:10:59] [main/TRACE] [REI] [END] Reloading Section: "reloadable-plugin/FluidComparatorRegistryImpl/DefaultRuntimePlugin of DefaultRuntimePlugin [roughlyenoughitems]/" done in 30.73 μs
[00:10:59] [main/TRACE] [REI] [END] Reloading Section: "reloadable-plugin/FluidComparatorRegistryImpl/CharmReiServerPlugin of CharmReiServerPlugin [charm]/"
[00:10:59] [main/TRACE] [REI] [END] Reloading Section: "reloadable-plugin/FluidComparatorRegistryImpl/CharmReiServerPlugin of CharmReiServerPlugin [charm]/" done in 7.448 μs
[00:10:59] [main/TRACE] [REI] [END] Reloading Section: "reloadable-plugin/FluidComparatorRegistryImpl/" done in 433.9 μs
[00:10:59] [main/TRACE] [REI] [END] Reloading Section: "reloadable-plugin/DisplaySerializerRegistryImpl/"
[00:10:59] [main/TRACE] [REI] [END] Reloading Section: "reloadable-plugin/DisplaySerializerRegistryImpl/DefaultPlugin of DefaultPlugin [roughlyenoughitems]/"
[00:10:59] [main/TRACE] [REI] [END] Reloading Section: "reloadable-plugin/DisplaySerializerRegistryImpl/DefaultPlugin of DefaultPlugin [roughlyenoughitems]/" done in 16.76 ms
[00:10:59] [main/TRACE] [REI] [END] Reloading Section: "reloadable-plugin/DisplaySerializerRegistryImpl/FabricFluidAPISupportPlugin/"
[00:10:59] [main/TRACE] [REI] [END] Reloading Section: "reloadable-plugin/DisplaySerializerRegistryImpl/FabricFluidAPISupportPlugin/" done in 19.06 μs
[00:10:59] [main/TRACE] [REI] [END] Reloading Section: "reloadable-plugin/DisplaySerializerRegistryImpl/ReiCompat of ReiCompat [travelersbackpack]/"
[00:10:59] [main/TRACE] [REI] [END] Reloading Section: "reloadable-plugin/DisplaySerializerRegistryImpl/ReiCompat of ReiCompat [travelersbackpack]/" done in 10.68 μs
[00:10:59] [main/TRACE] [REI] [END] Reloading Section: "reloadable-plugin/DisplaySerializerRegistryImpl/DefaultRuntimePlugin of DefaultRuntimePlugin [roughlyenoughitems]/"
[00:10:59] [main/TRACE] [REI] [END] Reloading Section: "reloadable-plugin/DisplaySerializerRegistryImpl/DefaultRuntimePlugin of DefaultRuntimePlugin [roughlyenoughitems]/" done in 7.865 μs
[00:10:59] [main/TRACE] [REI] [END] Reloading Section: "reloadable-plugin/DisplaySerializerRegistryImpl/CharmReiServerPlugin of CharmReiServerPlugin [charm]/"
[00:10:59] [main/TRACE] [REI] [END] Reloading Section: "reloadable-plugin/DisplaySerializerRegistryImpl/CharmReiServerPlugin of CharmReiServerPlugin [charm]/" done in 1.259 ms
[00:10:59] [main/TRACE] [REI] [END] Reloading Section: "reloadable-plugin/DisplaySerializerRegistryImpl/" done in 18.88 ms
[00:10:59] [main/TRACE] [REI] [END] Reloading Section: "reloadable-plugin/FluidSupportProviderImpl/"
[00:10:59] [main/TRACE] [REI] [END] Reloading Section: "reloadable-plugin/FluidSupportProviderImpl/DefaultPlugin of DefaultPlugin [roughlyenoughitems]/"
[00:10:59] [main/TRACE] [REI] [END] Reloading Section: "reloadable-plugin/FluidSupportProviderImpl/DefaultPlugin of DefaultPlugin [roughlyenoughitems]/" done in 8.958 μs
[00:10:59] [main/TRACE] [REI] [END] Reloading Section: "reloadable-plugin/FluidSupportProviderImpl/FabricFluidAPISupportPlugin/"
[00:10:59] [main/TRACE] [REI] [END] Reloading Section: "reloadable-plugin/FluidSupportProviderImpl/FabricFluidAPISupportPlugin/" done in 8.333 μs
[00:10:59] [main/TRACE] [REI] [END] Reloading Section: "reloadable-plugin/FluidSupportProviderImpl/ReiCompat of ReiCompat [travelersbackpack]/"
[00:10:59] [main/TRACE] [REI] [END] Reloading Section: "reloadable-plugin/FluidSupportProviderImpl/ReiCompat of ReiCompat [travelersbackpack]/" done in 7.344 μs
[00:10:59] [main/TRACE] [REI] [END] Reloading Section: "reloadable-plugin/FluidSupportProviderImpl/DefaultRuntimePlugin of DefaultRuntimePlugin [roughlyenoughitems]/"
[00:10:59] [main/TRACE] [REI] [END] Reloading Section: "reloadable-plugin/FluidSupportProviderImpl/DefaultRuntimePlugin of DefaultRuntimePlugin [roughlyenoughitems]/" done in 30.31 μs
[00:10:59] [main/TRACE] [REI] [END] Reloading Section: "reloadable-plugin/FluidSupportProviderImpl/CharmReiServerPlugin of CharmReiServerPlugin [charm]/"
[00:10:59] [main/TRACE] [REI] [END] Reloading Section: "reloadable-plugin/FluidSupportProviderImpl/CharmReiServerPlugin of CharmReiServerPlugin [charm]/" done in 10.47 μs
[00:10:59] [main/TRACE] [REI] [END] Reloading Section: "reloadable-plugin/FluidSupportProviderImpl/" done in 635.5 μs
[00:10:59] [main/TRACE] [REI] [END] Reloading Section: "end-reload/"
[00:10:59] [main/TRACE] [REI] [END] Reloading Section: "end-reload/EntryTypeRegistryImpl/"
[00:10:59] [main/TRACE] [REI] [END] Reloading Section: "end-reload/EntryTypeRegistryImpl/" done in 4.636 μs
[00:10:59] [main/TRACE] [REI] [END] Reloading Section: "end-reload/EntrySettingsAdapterRegistryImpl/"
[00:10:59] [main/TRACE] [REI] [END] Reloading Section: "end-reload/EntrySettingsAdapterRegistryImpl/" done in 5.156 μs
[00:10:59] [main/TRACE] [REI] [END] Reloading Section: "end-reload/RecipeManagerContextImpl/"
[00:10:59] [main/TRACE] [REI] [END] Reloading Section: "end-reload/RecipeManagerContextImpl/" done in 22.29 μs
[00:10:59] [main/TRACE] [REI] [END] Reloading Section: "end-reload/ItemComparatorRegistryImpl/"
[00:10:59] [main/TRACE] [REI] [END] Reloading Section: "end-reload/ItemComparatorRegistryImpl/" done in 6.250 μs
[00:10:59] [main/TRACE] [REI] [END] Reloading Section: "end-reload/FluidComparatorRegistryImpl/"
[00:10:59] [main/TRACE] [REI] [END] Reloading Section: "end-reload/FluidComparatorRegistryImpl/" done in 4.323 μs
[00:10:59] [main/TRACE] [REI] [END] Reloading Section: "end-reload/DisplaySerializerRegistryImpl/"
[00:10:59] [main/TRACE] [REI] [END] Reloading Section: "end-reload/DisplaySerializerRegistryImpl/" done in 3.958 μs
[00:10:59] [main/TRACE] [REI] [END] Reloading Section: "end-reload/FluidSupportProviderImpl/"
[00:10:59] [main/TRACE] [REI] [END] Reloading Section: "end-reload/FluidSupportProviderImpl/" done in 4.062 μs
[00:10:59] [main/TRACE] [REI] [END] Reloading Section: "end-reload/" done in 1.250 ms
[00:10:59] [main/TRACE] [REI] [END] Reloading Section: "start-reload/"
[00:10:59] [main/TRACE] [REI] [END] Reloading Section: "start-reload/MenuInfoRegistryImpl/"
[00:10:59] [main/TRACE] [REI] [END] Reloading Section: "start-reload/MenuInfoRegistryImpl/" done in 20.73 μs
[00:10:59] [main/TRACE] [REI] [END] Reloading Section: "start-reload/" done in 92.55 μs
[00:10:59] [main/INFO] [REI] Reloading Plugin Manager [REIServerPlugin] stage [END], registered 5 plugins: CharmReiServerPlugin of CharmReiServerPlugin [charm], DefaultRuntimePlugin of DefaultRuntimePlugin [roughlyenoughitems], ReiCompat of ReiCompat [travelersbackpack], FabricFluidAPISupportPlugin, DefaultPlugin of DefaultPlugin [roughlyenoughitems]
[00:10:59] [main/TRACE] [REI] [END] Reloading Section: "reloadable-plugin/MenuInfoRegistryImpl/"
[00:10:59] [main/TRACE] [REI] [END] Reloading Section: "reloadable-plugin/MenuInfoRegistryImpl/DefaultPlugin of DefaultPlugin [roughlyenoughitems]/"
[00:10:59] [main/DEBUG] [REI] Added menu info for class net.minecraft.class_1714 [minecraft:plugins/crafting]: me.shedaniel.rei.api.common.transfer.info.simple.SimpleMenuInfoProvider$$Lambda$8447/0x000000080104ee08@3b7e5726
[00:10:59] [main/DEBUG] [REI] Added menu info for class net.minecraft.class_1723 [minecraft:plugins/crafting]: me.shedaniel.rei.api.common.transfer.info.simple.SimpleMenuInfoProvider$$Lambda$8447/0x000000080104ee08@38fb524c
[00:10:59] [main/DEBUG] [REI] Added menu info for class net.minecraft.class_3858 [minecraft:plugins/smelting]: me.shedaniel.rei.api.common.transfer.info.simple.SimpleMenuInfoProvider$$Lambda$8447/0x000000080104ee08@7e9f30a0
[00:10:59] [main/DEBUG] [REI] Added menu info for class net.minecraft.class_3706 [minecraft:plugins/smoking]: me.shedaniel.rei.api.common.transfer.info.simple.SimpleMenuInfoProvider$$Lambda$8447/0x000000080104ee08@f4284e1
[00:10:59] [main/DEBUG] [REI] Added menu info for class net.minecraft.class_3705 [minecraft:plugins/blasting]: me.shedaniel.rei.api.common.transfer.info.simple.SimpleMenuInfoProvider$$Lambda$8447/0x000000080104ee08@56dc9dc6
[00:10:59] [main/TRACE] [REI] [END] Reloading Section: "reloadable-plugin/MenuInfoRegistryImpl/DefaultPlugin of DefaultPlugin [roughlyenoughitems]/" done in 20.84 ms
[00:10:59] [main/TRACE] [REI] [END] Reloading Section: "reloadable-plugin/MenuInfoRegistryImpl/FabricFluidAPISupportPlugin/"
[00:10:59] [main/TRACE] [REI] [END] Reloading Section: "reloadable-plugin/MenuInfoRegistryImpl/FabricFluidAPISupportPlugin/" done in 18.02 μs
[00:10:59] [main/TRACE] [REI] [END] Reloading Section: "reloadable-plugin/MenuInfoRegistryImpl/ReiCompat of ReiCompat [travelersbackpack]/"
[00:10:59] [main/DEBUG] [REI] Added menu info for class com.tiviacz.travelersbackpack.inventory.screen.TravelersBackpackBaseScreenHandler [minecraft:plugins/crafting]: me.shedaniel.rei.api.common.transfer.info.simple.SimpleMenuInfoProvider$$Lambda$8447/0x000000080104ee08@14c938e1
[00:10:59] [main/TRACE] [REI] [END] Reloading Section: "reloadable-plugin/MenuInfoRegistryImpl/ReiCompat of ReiCompat [travelersbackpack]/" done in 1.336 ms
[00:10:59] [main/TRACE] [REI] [END] Reloading Section: "reloadable-plugin/MenuInfoRegistryImpl/DefaultRuntimePlugin of DefaultRuntimePlugin [roughlyenoughitems]/"
[00:10:59] [main/TRACE] [REI] [END] Reloading Section: "reloadable-plugin/MenuInfoRegistryImpl/DefaultRuntimePlugin of DefaultRuntimePlugin [roughlyenoughitems]/" done in 10.37 μs
[00:10:59] [main/TRACE] [REI] [END] Reloading Section: "reloadable-plugin/MenuInfoRegistryImpl/CharmReiServerPlugin of CharmReiServerPlugin [charm]/"
[00:10:59] [main/DEBUG] [REI] Added menu info for class svenhjol.charm.module.kilns.KilnScreenHandler [charm:plugins/firing]: me.shedaniel.rei.api.common.transfer.info.simple.SimpleMenuInfoProvider$$Lambda$8447/0x000000080104ee08@2e0a35c0
[00:10:59] [main/TRACE] [REI] [END] Reloading Section: "reloadable-plugin/MenuInfoRegistryImpl/CharmReiServerPlugin of CharmReiServerPlugin [charm]/" done in 166.6 μs
[00:10:59] [main/TRACE] [REI] [END] Reloading Section: "reloadable-plugin/MenuInfoRegistryImpl/" done in 23.43 ms
[00:10:59] [main/TRACE] [REI] [END] Reloading Section: "end-reload/"
[00:10:59] [main/TRACE] [REI] [END] Reloading Section: "end-reload/MenuInfoRegistryImpl/"
[00:10:59] [main/DEBUG] [REI] Registered 5 menu infos
[00:10:59] [main/TRACE] [REI] [END] Reloading Section: "end-reload/MenuInfoRegistryImpl/" done in 60.21 μs
[00:10:59] [main/TRACE] [REI] [END] Reloading Section: "end-reload/" done in 130.2 μs
[00:10:59] [main/TRACE] [REI] [END] Reloading Section: "post-register/"
[00:10:59] [main/TRACE] [REI] [END] Reloading Section: "post-register/DefaultPlugin of DefaultPlugin [roughlyenoughitems]/"
[00:10:59] [main/TRACE] [REI] [END] Reloading Section: "post-register/DefaultPlugin of DefaultPlugin [roughlyenoughitems]/" done in 7.240 μs
[00:10:59] [main/TRACE] [REI] [END] Reloading Section: "post-register/FabricFluidAPISupportPlugin/"
[00:10:59] [main/TRACE] [REI] [END] Reloading Section: "post-register/FabricFluidAPISupportPlugin/" done in 4.428 μs
[00:10:59] [main/TRACE] [REI] [END] Reloading Section: "post-register/ReiCompat of ReiCompat [travelersbackpack]/"
[00:10:59] [main/TRACE] [REI] [END] Reloading Section: "post-register/ReiCompat of ReiCompat [travelersbackpack]/" done in 4.635 μs
[00:10:59] [main/TRACE] [REI] [END] Reloading Section: "post-register/DefaultRuntimePlugin of DefaultRuntimePlugin [roughlyenoughitems]/"
[00:10:59] [main/TRACE] [REI] [END] Reloading Section: "post-register/DefaultRuntimePlugin of DefaultRuntimePlugin [roughlyenoughitems]/" done in 4.218 μs
[00:10:59] [main/TRACE] [REI] [END] Reloading Section: "post-register/CharmReiServerPlugin of CharmReiServerPlugin [charm]/"
[00:10:59] [main/TRACE] [REI] [END] Reloading Section: "post-register/CharmReiServerPlugin of CharmReiServerPlugin [charm]/" done in 5.104 μs
[00:10:59] [main/TRACE] [REI] [END] Reloading Section: "post-register/" done in 367.8 μs
[00:10:59] [main/INFO] [REI] Reloaded Plugin Manager [REIPlugin] with 5 plugins in 27.12 ms.
[00:10:59] [main/TRACE] [REI] [END] Reloading Section: "post-register/"
[00:10:59] [main/TRACE] [REI] [END] Reloading Section: "post-register/DefaultPlugin of DefaultPlugin [roughlyenoughitems]/"
[00:10:59] [main/TRACE] [REI] [END] Reloading Section: "post-register/DefaultPlugin of DefaultPlugin [roughlyenoughitems]/" done in 6.770 μs
[00:10:59] [main/TRACE] [REI] [END] Reloading Section: "post-register/FabricFluidAPISupportPlugin/"
[00:10:59] [main/TRACE] [REI] [END] Reloading Section: "post-register/FabricFluidAPISupportPlugin/" done in 5.209 μs
[00:10:59] [main/TRACE] [REI] [END] Reloading Section: "post-register/ReiCompat of ReiCompat [travelersbackpack]/"
[00:10:59] [main/TRACE] [REI] [END] Reloading Section: "post-register/ReiCompat of ReiCompat [travelersbackpack]/" done in 4.219 μs
[00:10:59] [main/TRACE] [REI] [END] Reloading Section: "post-register/DefaultRuntimePlugin of DefaultRuntimePlugin [roughlyenoughitems]/"
[00:10:59] [main/TRACE] [REI] [END] Reloading Section: "post-register/DefaultRuntimePlugin of DefaultRuntimePlugin [roughlyenoughitems]/" done in 4.271 μs
[00:10:59] [main/TRACE] [REI] [END] Reloading Section: "post-register/CharmReiServerPlugin of CharmReiServerPlugin [charm]/"
[00:10:59] [main/TRACE] [REI] [END] Reloading Section: "post-register/CharmReiServerPlugin of CharmReiServerPlugin [charm]/" done in 4.427 μs
[00:10:59] [main/TRACE] [REI] [END] Reloading Section: "post-register/" done in 389.8 μs
[00:10:59] [main/INFO] [REI] Reloaded Plugin Manager [REIServerPlugin] with 5 plugins in 25.47 ms.
